# JRE version: OpenJDK Runtime Environment (8.0_202-b03) (build 1.8.0_202-release-1483-b03)
# Java VM: OpenJDK 64-Bit Server VM (25.202-b03 mixed mode windows-amd64 compressed oops)
Heap:
 PSYoungGen      total 219648K, used 79534K [0x00000000e0000000, 0x00000000ee980000, 0x0000000100000000)
  eden space 201216K, 39% used [0x00000000e0000000,0x00000000e4dab9a8,0x00000000ec480000)
  from space 18432K, 0% used [0x00000000ed780000,0x00000000ed780000,0x00000000ee980000)
  to   space 18944K, 0% used [0x00000000ec480000,0x00000000ec480000,0x00000000ed700000)
 ParOldGen       total 122880K, used 33499K [0x00000000a0000000, 0x00000000a7800000, 0x00000000e0000000)
  object space 122880K, 27% used [0x00000000a0000000,0x00000000a20b6ce0,0x00000000a7800000)
 Metaspace       used 59620K, capacity 61474K, committed 61592K, reserved 1101824K
  class space    used 8091K, capacity 8535K, committed 8616K, reserved 1048576K
GC Heap History (10 events):
Event: 18.610 GC heap before
{Heap before GC invocations=11 (full 2):
 PSYoungGen      total 119808K, used 10741K [0x00000000e0000000, 0x00000000ea780000, 0x0000000100000000)
  eden space 109056K, 0% used [0x00000000e0000000,0x00000000e0000000,0x00000000e6a80000)
  from space 10752K, 99% used [0x00000000e6a80000,0x00000000e74fd638,0x00000000e7500000)
  to   space 12288K, 0% used [0x00000000e9b80000,0x00000000e9b80000,0x00000000ea780000)
 ParOldGen       total 56320K, used 8436K [0x00000000a0000000, 0x00000000a3700000, 0x00000000e0000000)
  object space 56320K, 14% used [0x00000000a0000000,0x00000000a083d008,0x00000000a3700000)
 Metaspace       used 34692K, capacity 35428K, committed 35496K, reserved 1079296K
  class space    used 4790K, capacity 4999K, committed 5032K, reserved 1048576K
Event: 18.676 GC heap after
Heap after GC invocations=11 (full 2):
 PSYoungGen      total 119808K, used 0K [0x00000000e0000000, 0x00000000ea780000, 0x0000000100000000)
  eden space 109056K, 0% used [0x00000000e0000000,0x00000000e0000000,0x00000000e6a80000)
  from space 10752K, 0% used [0x00000000e6a80000,0x00000000e6a80000,0x00000000e7500000)
  to   space 12288K, 0% used [0x00000000e9b80000,0x00000000e9b80000,0x00000000ea780000)
 ParOldGen       total 80896K, used 17826K [0x00000000a0000000, 0x00000000a4f00000, 0x00000000e0000000)
  object space 80896K, 22% used [0x00000000a0000000,0x00000000a1168928,0x00000000a4f00000)
 Metaspace       used 34683K, capacity 35398K, committed 35496K, reserved 1079296K
  class space    used 4787K, capacity 4994K, committed 5032K, reserved 1048576K
}
Event: 20.193 GC heap before
{Heap before GC invocations=12 (full 2):
 PSYoungGen      total 119808K, used 109056K [0x00000000e0000000, 0x00000000ea780000, 0x0000000100000000)
  eden space 109056K, 100% used [0x00000000e0000000,0x00000000e6a80000,0x00000000e6a80000)
  from space 10752K, 0% used [0x00000000e6a80000,0x00000000e6a80000,0x00000000e7500000)
  to   space 12288K, 0% used [0x00000000e9b80000,0x00000000e9b80000,0x00000000ea780000)
 ParOldGen       total 80896K, used 17826K [0x00000000a0000000, 0x00000000a4f00000, 0x00000000e0000000)
  object space 80896K, 22% used [0x00000000a0000000,0x00000000a1168928,0x00000000a4f00000)
 Metaspace       used 45428K, capacity 46534K, committed 46632K, reserved 1089536K
  class space    used 6125K, capacity 6418K, committed 6440K, reserved 1048576K
Event: 20.206 GC heap after
Heap after GC invocations=12 (full 2):
 PSYoungGen      total 157184K, used 12275K [0x00000000e0000000, 0x00000000eaf00000, 0x0000000100000000)
  eden space 144896K, 0% used [0x00000000e0000000,0x00000000e0000000,0x00000000e8d80000)
  from space 12288K, 99% used [0x00000000e9b80000,0x00000000ea77cea8,0x00000000ea780000)
  to   space 14336K, 0% used [0x00000000e8d80000,0x00000000e8d80000,0x00000000e9b80000)
 ParOldGen       total 80896K, used 20377K [0x00000000a0000000, 0x00000000a4f00000, 0x00000000e0000000)
  object space 80896K, 25% used [0x00000000a0000000,0x00000000a13e6448,0x00000000a4f00000)
 Metaspace       used 45428K, capacity 46534K, committed 46632K, reserved 1089536K
  class space    used 6125K, capacity 6418K, committed 6440K, reserved 1048576K
}
Event: 22.371 GC heap before
{Heap before GC invocations=13 (full 2):
 PSYoungGen      total 157184K, used 157171K [0x00000000e0000000, 0x00000000eaf00000, 0x0000000100000000)
  eden space 144896K, 100% used [0x00000000e0000000,0x00000000e8d80000,0x00000000e8d80000)
  from space 12288K, 99% used [0x00000000e9b80000,0x00000000ea77cea8,0x00000000ea780000)
  to   space 14336K, 0% used [0x00000000e8d80000,0x00000000e8d80000,0x00000000e9b80000)
 ParOldGen       total 80896K, used 20377K [0x00000000a0000000, 0x00000000a4f00000, 0x00000000e0000000)
  object space 80896K, 25% used [0x00000000a0000000,0x00000000a13e6448,0x00000000a4f00000)
 Metaspace       used 55565K, capacity 57042K, committed 57128K, reserved 1097728K
  class space    used 7565K, capacity 7965K, committed 7976K, reserved 1048576K
Event: 22.409 GC heap after
Heap after GC invocations=13 (full 2):
 PSYoungGen      total 159232K, used 14312K [0x00000000e0000000, 0x00000000eea00000, 0x0000000100000000)
  eden space 144896K, 0% used [0x00000000e0000000,0x00000000e0000000,0x00000000e8d80000)
  from space 14336K, 99% used [0x00000000e8d80000,0x00000000e9b7a260,0x00000000e9b80000)
  to   space 18944K, 0% used [0x00000000ed780000,0x00000000ed780000,0x00000000eea00000)
 ParOldGen       total 80896K, used 28355K [0x00000000a0000000, 0x00000000a4f00000, 0x00000000e0000000)
  object space 80896K, 35% used [0x00000000a0000000,0x00000000a1bb0e40,0x00000000a4f00000)
 Metaspace       used 55565K, capacity 57042K, committed 57128K, reserved 1097728K
  class space    used 7565K, capacity 7965K, committed 7976K, reserved 1048576K
}
Event: 23.212 GC heap before
{Heap before GC invocations=14 (full 2):
 PSYoungGen      total 159232K, used 52938K [0x00000000e0000000, 0x00000000eea00000, 0x0000000100000000)
  eden space 144896K, 26% used [0x00000000e0000000,0x00000000e25b88c8,0x00000000e8d80000)
  from space 14336K, 99% used [0x00000000e8d80000,0x00000000e9b7a260,0x00000000e9b80000)
  to   space 18944K, 0% used [0x00000000ed780000,0x00000000ed780000,0x00000000eea00000)
 ParOldGen       total 80896K, used 28355K [0x00000000a0000000, 0x00000000a4f00000, 0x00000000e0000000)
  object space 80896K, 35% used [0x00000000a0000000,0x00000000a1bb0e40,0x00000000a4f00000)
 Metaspace       used 57547K, capacity 59116K, committed 59160K, reserved 1099776K
  class space    used 7805K, capacity 8196K, committed 8232K, reserved 1048576K
Event: 23.222 GC heap after
Heap after GC invocations=14 (full 2):
 PSYoungGen      total 219648K, used 3796K [0x00000000e0000000, 0x00000000ee980000, 0x0000000100000000)
  eden space 201216K, 0% used [0x00000000e0000000,0x00000000e0000000,0x00000000ec480000)
  from space 18432K, 20% used [0x00000000ed780000,0x00000000edb351c0,0x00000000ee980000)
  to   space 18944K, 0% used [0x00000000ec480000,0x00000000ec480000,0x00000000ed700000)
 ParOldGen       total 80896K, used 35694K [0x00000000a0000000, 0x00000000a4f00000, 0x00000000e0000000)
  object space 80896K, 44% used [0x00000000a0000000,0x00000000a22dbb58,0x00000000a4f00000)
 Metaspace       used 57547K, capacity 59116K, committed 59160K, reserved 1099776K
  class space    used 7805K, capacity 8196K, committed 8232K, reserved 1048576K
}
Event: 23.222 GC heap before
{Heap before GC invocations=15 (full 3):
 PSYoungGen      total 219648K, used 3796K [0x00000000e0000000, 0x00000000ee980000, 0x0000000100000000)
  eden space 201216K, 0% used [0x00000000e0000000,0x00000000e0000000,0x00000000ec480000)
  from space 18432K, 20% used [0x00000000ed780000,0x00000000edb351c0,0x00000000ee980000)
  to   space 18944K, 0% used [0x00000000ec480000,0x00000000ec480000,0x00000000ed700000)
 ParOldGen       total 80896K, used 35694K [0x00000000a0000000, 0x00000000a4f00000, 0x00000000e0000000)
  object space 80896K, 44% used [0x00000000a0000000,0x00000000a22dbb58,0x00000000a4f00000)
 Metaspace       used 57547K, capacity 59116K, committed 59160K, reserved 1099776K
  class space    used 7805K, capacity 8196K, committed 8232K, reserved 1048576K
Event: 23.450 GC heap after
Heap after GC invocations=15 (full 3):
 PSYoungGen      total 219648K, used 0K [0x00000000e0000000, 0x00000000ee980000, 0x0000000100000000)
  eden space 201216K, 0% used [0x00000000e0000000,0x00000000e0000000,0x00000000ec480000)
  from space 18432K, 0% used [0x00000000ed780000,0x00000000ed780000,0x00000000ee980000)
  to   space 18944K, 0% used [0x00000000ec480000,0x00000000ec480000,0x00000000ed700000)
 ParOldGen       total 122880K, used 33499K [0x00000000a0000000, 0x00000000a7800000, 0x00000000e0000000)
  object space 122880K, 27% used [0x00000000a0000000,0x00000000a20b6ce0,0x00000000a7800000)
 Metaspace       used 57547K, capacity 59116K, committed 59160K, reserved 1099776K
  class space    used 7805K, capacity 8196K, committed 8232K, reserved 1048576K
}

