# JRE version: OpenJDK Runtime Environment (8.0_202-b03) (build 1.8.0_202-release-1483-b03)
# Java VM: OpenJDK 64-Bit Server VM (25.202-b03 mixed mode windows-amd64 compressed oops)
Heap:
 PSYoungGen      total 197120K, used 137189K [0x00000000e0000000, 0x00000000ef400000, 0x0000000100000000)
  eden space 174080K, 65% used [0x00000000e0000000,0x00000000e6fff8c0,0x00000000eaa00000)
  from space 23040K, 97% used [0x00000000eaa00000,0x00000000ebff9eb0,0x00000000ec080000)
  to   space 26112K, 0% used [0x00000000eda80000,0x00000000eda80000,0x00000000ef400000)
 ParOldGen       total 144384K, used 59885K [0x00000000a0000000, 0x00000000a8d00000, 0x00000000e0000000)
  object space 144384K, 41% used [0x00000000a0000000,0x00000000a3a7b4b8,0x00000000a8d00000)
 Metaspace       used 72287K, capacity 74444K, committed 74648K, reserved 1114112K
  class space    used 9589K, capacity 10106K, committed 10152K, reserved 1048576K
GC Heap History (10 events):
Event: 7.683 GC heap before
{Heap before GC invocations=14 (full 2):
 PSYoungGen      total 153600K, used 65305K [0x00000000e0000000, 0x00000000eb500000, 0x0000000100000000)
  eden space 139264K, 37% used [0x00000000e0000000,0x00000000e32da648,0x00000000e8800000)
  from space 14336K, 92% used [0x00000000e8800000,0x00000000e94ebe48,0x00000000e9600000)
  to   space 15360K, 0% used [0x00000000ea600000,0x00000000ea600000,0x00000000eb500000)
 ParOldGen       total 96256K, used 26480K [0x00000000a0000000, 0x00000000a5e00000, 0x00000000e0000000)
  object space 96256K, 27% used [0x00000000a0000000,0x00000000a19dc0a8,0x00000000a5e00000)
 Metaspace       used 57395K, capacity 58972K, committed 59160K, reserved 1099776K
  class space    used 7834K, capacity 8228K, committed 8232K, reserved 1048576K
Event: 7.699 GC heap after
Heap after GC invocations=14 (full 2):
 PSYoungGen      total 169472K, used 12084K [0x00000000e0000000, 0x00000000ec600000, 0x0000000100000000)
  eden space 154112K, 0% used [0x00000000e0000000,0x00000000e0000000,0x00000000e9680000)
  from space 15360K, 78% used [0x00000000ea600000,0x00000000eb1cd280,0x00000000eb500000)
  to   space 15872K, 0% used [0x00000000e9680000,0x00000000e9680000,0x00000000ea600000)
 ParOldGen       total 96256K, used 26552K [0x00000000a0000000, 0x00000000a5e00000, 0x00000000e0000000)
  object space 96256K, 27% used [0x00000000a0000000,0x00000000a19ee0b8,0x00000000a5e00000)
 Metaspace       used 57395K, capacity 58972K, committed 59160K, reserved 1099776K
  class space    used 7834K, capacity 8228K, committed 8232K, reserved 1048576K
}
Event: 7.699 GC heap before
{Heap before GC invocations=15 (full 3):
 PSYoungGen      total 169472K, used 12084K [0x00000000e0000000, 0x00000000ec600000, 0x0000000100000000)
  eden space 154112K, 0% used [0x00000000e0000000,0x00000000e0000000,0x00000000e9680000)
  from space 15360K, 78% used [0x00000000ea600000,0x00000000eb1cd280,0x00000000eb500000)
  to   space 15872K, 0% used [0x00000000e9680000,0x00000000e9680000,0x00000000ea600000)
 ParOldGen       total 96256K, used 26552K [0x00000000a0000000, 0x00000000a5e00000, 0x00000000e0000000)
  object space 96256K, 27% used [0x00000000a0000000,0x00000000a19ee0b8,0x00000000a5e00000)
 Metaspace       used 57395K, capacity 58972K, committed 59160K, reserved 1099776K
  class space    used 7834K, capacity 8228K, committed 8232K, reserved 1048576K
Event: 7.893 GC heap after
Heap after GC invocations=15 (full 3):
 PSYoungGen      total 169472K, used 0K [0x00000000e0000000, 0x00000000ec600000, 0x0000000100000000)
  eden space 154112K, 0% used [0x00000000e0000000,0x00000000e0000000,0x00000000e9680000)
  from space 15360K, 0% used [0x00000000ea600000,0x00000000ea600000,0x00000000eb500000)
  to   space 15872K, 0% used [0x00000000e9680000,0x00000000e9680000,0x00000000ea600000)
 ParOldGen       total 144384K, used 33874K [0x00000000a0000000, 0x00000000a8d00000, 0x00000000e0000000)
  object space 144384K, 23% used [0x00000000a0000000,0x00000000a2114918,0x00000000a8d00000)
 Metaspace       used 57395K, capacity 58972K, committed 59160K, reserved 1099776K
  class space    used 7834K, capacity 8228K, committed 8232K, reserved 1048576K
}
Event: 13.794 GC heap before
{Heap before GC invocations=16 (full 3):
 PSYoungGen      total 169472K, used 154112K [0x00000000e0000000, 0x00000000ec600000, 0x0000000100000000)
  eden space 154112K, 100% used [0x00000000e0000000,0x00000000e9680000,0x00000000e9680000)
  from space 15360K, 0% used [0x00000000ea600000,0x00000000ea600000,0x00000000eb500000)
  to   space 15872K, 0% used [0x00000000e9680000,0x00000000e9680000,0x00000000ea600000)
 ParOldGen       total 144384K, used 33874K [0x00000000a0000000, 0x00000000a8d00000, 0x00000000e0000000)
  object space 144384K, 23% used [0x00000000a0000000,0x00000000a2114918,0x00000000a8d00000)
 Metaspace       used 63344K, capacity 65274K, committed 65432K, reserved 1105920K
  class space    used 8549K, capacity 9005K, committed 9128K, reserved 1048576K
Event: 13.807 GC heap after
Heap after GC invocations=16 (full 3):
 PSYoungGen      total 169984K, used 15868K [0x00000000e0000000, 0x00000000ed200000, 0x0000000100000000)
  eden space 154112K, 0% used [0x00000000e0000000,0x00000000e0000000,0x00000000e9680000)
  from space 15872K, 99% used [0x00000000e9680000,0x00000000ea5ff208,0x00000000ea600000)
  to   space 17920K, 0% used [0x00000000ec080000,0x00000000ec080000,0x00000000ed200000)
 ParOldGen       total 144384K, used 34362K [0x00000000a0000000, 0x00000000a8d00000, 0x00000000e0000000)
  object space 144384K, 23% used [0x00000000a0000000,0x00000000a218e820,0x00000000a8d00000)
 Metaspace       used 63344K, capacity 65274K, committed 65432K, reserved 1105920K
  class space    used 8549K, capacity 9005K, committed 9128K, reserved 1048576K
}
Event: 15.437 GC heap before
{Heap before GC invocations=17 (full 3):
 PSYoungGen      total 169984K, used 169980K [0x00000000e0000000, 0x00000000ed200000, 0x0000000100000000)
  eden space 154112K, 100% used [0x00000000e0000000,0x00000000e9680000,0x00000000e9680000)
  from space 15872K, 99% used [0x00000000e9680000,0x00000000ea5ff208,0x00000000ea600000)
  to   space 17920K, 0% used [0x00000000ec080000,0x00000000ec080000,0x00000000ed200000)
 ParOldGen       total 144384K, used 34362K [0x00000000a0000000, 0x00000000a8d00000, 0x00000000e0000000)
  object space 144384K, 23% used [0x00000000a0000000,0x00000000a218e820,0x00000000a8d00000)
 Metaspace       used 64397K, capacity 66394K, committed 66584K, reserved 1105920K
  class space    used 8671K, capacity 9159K, committed 9256K, reserved 1048576K
Event: 15.461 GC heap after
Heap after GC invocations=17 (full 3):
 PSYoungGen      total 192000K, used 17901K [0x00000000e0000000, 0x00000000edb80000, 0x0000000100000000)
  eden space 174080K, 0% used [0x00000000e0000000,0x00000000e0000000,0x00000000eaa00000)
  from space 17920K, 99% used [0x00000000ec080000,0x00000000ed1fb518,0x00000000ed200000)
  to   space 23040K, 0% used [0x00000000eaa00000,0x00000000eaa00000,0x00000000ec080000)
 ParOldGen       total 144384K, used 42213K [0x00000000a0000000, 0x00000000a8d00000, 0x00000000e0000000)
  object space 144384K, 29% used [0x00000000a0000000,0x00000000a29397d8,0x00000000a8d00000)
 Metaspace       used 64397K, capacity 66394K, committed 66584K, reserved 1105920K
  class space    used 8671K, capacity 9159K, committed 9256K, reserved 1048576K
}
Event: 27.938 GC heap before
{Heap before GC invocations=18 (full 3):
 PSYoungGen      total 192000K, used 191981K [0x00000000e0000000, 0x00000000edb80000, 0x0000000100000000)
  eden space 174080K, 100% used [0x00000000e0000000,0x00000000eaa00000,0x00000000eaa00000)
  from space 17920K, 99% used [0x00000000ec080000,0x00000000ed1fb518,0x00000000ed200000)
  to   space 23040K, 0% used [0x00000000eaa00000,0x00000000eaa00000,0x00000000ec080000)
 ParOldGen       total 144384K, used 42213K [0x00000000a0000000, 0x00000000a8d00000, 0x00000000e0000000)
  object space 144384K, 29% used [0x00000000a0000000,0x00000000a29397d8,0x00000000a8d00000)
 Metaspace       used 70968K, capacity 72996K, committed 73240K, reserved 1112064K
  class space    used 9455K, capacity 9982K, committed 10024K, reserved 1048576K
Event: 27.978 GC heap after
Heap after GC invocations=18 (full 3):
 PSYoungGen      total 197120K, used 22503K [0x00000000e0000000, 0x00000000ef400000, 0x0000000100000000)
  eden space 174080K, 0% used [0x00000000e0000000,0x00000000e0000000,0x00000000eaa00000)
  from space 23040K, 97% used [0x00000000eaa00000,0x00000000ebff9eb0,0x00000000ec080000)
  to   space 26112K, 0% used [0x00000000eda80000,0x00000000eda80000,0x00000000ef400000)
 ParOldGen       total 144384K, used 59885K [0x00000000a0000000, 0x00000000a8d00000, 0x00000000e0000000)
  object space 144384K, 41% used [0x00000000a0000000,0x00000000a3a7b4b8,0x00000000a8d00000)
 Metaspace       used 70968K, capacity 72996K, committed 73240K, reserved 1112064K
  class space    used 9455K, capacity 9982K, committed 10024K, reserved 1048576K
}

