# JRE version: OpenJDK Runtime Environment (8.0_202-b03) (build 1.8.0_202-release-1483-b03)
# Java VM: OpenJDK 64-Bit Server VM (25.202-b03 mixed mode windows-amd64 compressed oops)
Heap:
 PSYoungGen      total 231936K, used 18564K [0x00000000e0000000, 0x00000000f2600000, 0x0000000100000000)
  eden space 190976K, 9% used [0x00000000e0000000,0x00000000e1221338,0x00000000eba80000)
  from space 40960K, 0% used [0x00000000efe00000,0x00000000efe00000,0x00000000f2600000)
  to   space 30720K, 0% used [0x00000000eba80000,0x00000000eba80000,0x00000000ed880000)
 ParOldGen       total 146432K, used 69822K [0x00000000a0000000, 0x00000000a8f00000, 0x00000000e0000000)
  object space 146432K, 47% used [0x00000000a0000000,0x00000000a442f918,0x00000000a8f00000)
 Metaspace       used 77894K, capacity 80646K, committed 80856K, reserved 1120256K
  class space    used 10315K, capacity 10913K, committed 11008K, reserved 1048576K
GC Heap History (10 events):
Event: 58.771 GC heap before
{Heap before GC invocations=20 (full 4):
 PSYoungGen      total 231936K, used 40944K [0x00000000e0000000, 0x00000000f2600000, 0x0000000100000000)
  eden space 190976K, 0% used [0x00000000e0000000,0x00000000e0000000,0x00000000eba80000)
  from space 40960K, 99% used [0x00000000efe00000,0x00000000f25fc1b8,0x00000000f2600000)
  to   space 30720K, 0% used [0x00000000eba80000,0x00000000eba80000,0x00000000ed880000)
 ParOldGen       total 146432K, used 146234K [0x00000000a0000000, 0x00000000a8f00000, 0x00000000e0000000)
  object space 146432K, 99% used [0x00000000a0000000,0x00000000a8ece8f0,0x00000000a8f00000)
 Metaspace       used 72788K, capacity 75082K, committed 75352K, reserved 1114112K
  class space    used 9717K, capacity 10261K, committed 10368K, reserved 1048576K
Event: 59.320 GC heap after
Heap after GC invocations=20 (full 4):
 PSYoungGen      total 231936K, used 6590K [0x00000000e0000000, 0x00000000f2600000, 0x0000000100000000)
  eden space 190976K, 0% used [0x00000000e0000000,0x00000000e0000000,0x00000000eba80000)
  from space 40960K, 16% used [0x00000000efe00000,0x00000000f046fbf8,0x00000000f2600000)
  to   space 30720K, 0% used [0x00000000eba80000,0x00000000eba80000,0x00000000ed880000)
 ParOldGen       total 146432K, used 146113K [0x00000000a0000000, 0x00000000a8f00000, 0x00000000e0000000)
  object space 146432K, 99% used [0x00000000a0000000,0x00000000a8eb0628,0x00000000a8f00000)
 Metaspace       used 72475K, capacity 74620K, committed 75352K, reserved 1114112K
  class space    used 9677K, capacity 10190K, committed 10368K, reserved 1048576K
}
Event: 60.607 GC heap before
{Heap before GC invocations=21 (full 5):
 PSYoungGen      total 231936K, used 197566K [0x00000000e0000000, 0x00000000f2600000, 0x0000000100000000)
  eden space 190976K, 100% used [0x00000000e0000000,0x00000000eba80000,0x00000000eba80000)
  from space 40960K, 16% used [0x00000000efe00000,0x00000000f046fbf8,0x00000000f2600000)
  to   space 30720K, 0% used [0x00000000eba80000,0x00000000eba80000,0x00000000ed880000)
 ParOldGen       total 146432K, used 146113K [0x00000000a0000000, 0x00000000a8f00000, 0x00000000e0000000)
  object space 146432K, 99% used [0x00000000a0000000,0x00000000a8eb0628,0x00000000a8f00000)
 Metaspace       used 73921K, capacity 76264K, committed 76504K, reserved 1116160K
  class space    used 9892K, capacity 10438K, committed 10496K, reserved 1048576K
Event: 61.195 GC heap after
Heap after GC invocations=21 (full 5):
 PSYoungGen      total 231936K, used 42515K [0x00000000e0000000, 0x00000000f2600000, 0x0000000100000000)
  eden space 190976K, 22% used [0x00000000e0000000,0x00000000e2984fb8,0x00000000eba80000)
  from space 40960K, 0% used [0x00000000efe00000,0x00000000efe00000,0x00000000f2600000)
  to   space 30720K, 0% used [0x00000000eba80000,0x00000000eba80000,0x00000000ed880000)
 ParOldGen       total 146432K, used 146398K [0x00000000a0000000, 0x00000000a8f00000, 0x00000000e0000000)
  object space 146432K, 99% used [0x00000000a0000000,0x00000000a8ef7ab0,0x00000000a8f00000)
 Metaspace       used 73919K, capacity 76258K, committed 76504K, reserved 1116160K
  class space    used 9891K, capacity 10437K, committed 10496K, reserved 1048576K
}
Event: 63.245 GC heap before
{Heap before GC invocations=22 (full 6):
 PSYoungGen      total 231936K, used 190976K [0x00000000e0000000, 0x00000000f2600000, 0x0000000100000000)
  eden space 190976K, 100% used [0x00000000e0000000,0x00000000eba80000,0x00000000eba80000)
  from space 40960K, 0% used [0x00000000efe00000,0x00000000efe00000,0x00000000f2600000)
  to   space 30720K, 0% used [0x00000000eba80000,0x00000000eba80000,0x00000000ed880000)
 ParOldGen       total 146432K, used 146398K [0x00000000a0000000, 0x00000000a8f00000, 0x00000000e0000000)
  object space 146432K, 99% used [0x00000000a0000000,0x00000000a8ef7ab0,0x00000000a8f00000)
 Metaspace       used 74413K, capacity 76832K, committed 77016K, reserved 1116160K
  class space    used 9943K, capacity 10484K, committed 10496K, reserved 1048576K
Event: 63.715 GC heap after
Heap after GC invocations=22 (full 6):
 PSYoungGen      total 231936K, used 75633K [0x00000000e0000000, 0x00000000f2600000, 0x0000000100000000)
  eden space 190976K, 39% used [0x00000000e0000000,0x00000000e49dc678,0x00000000eba80000)
  from space 40960K, 0% used [0x00000000efe00000,0x00000000efe00000,0x00000000f2600000)
  to   space 30720K, 0% used [0x00000000eba80000,0x00000000eba80000,0x00000000ed880000)
 ParOldGen       total 146432K, used 146306K [0x00000000a0000000, 0x00000000a8f00000, 0x00000000e0000000)
  object space 146432K, 99% used [0x00000000a0000000,0x00000000a8ee0a18,0x00000000a8f00000)
 Metaspace       used 74413K, capacity 76832K, committed 77016K, reserved 1116160K
  class space    used 9943K, capacity 10484K, committed 10496K, reserved 1048576K
}
Event: 63.950 GC heap before
{Heap before GC invocations=23 (full 7):
 PSYoungGen      total 231936K, used 190976K [0x00000000e0000000, 0x00000000f2600000, 0x0000000100000000)
  eden space 190976K, 100% used [0x00000000e0000000,0x00000000eba80000,0x00000000eba80000)
  from space 40960K, 0% used [0x00000000efe00000,0x00000000efe00000,0x00000000f2600000)
  to   space 30720K, 0% used [0x00000000eba80000,0x00000000eba80000,0x00000000ed880000)
 ParOldGen       total 146432K, used 146306K [0x00000000a0000000, 0x00000000a8f00000, 0x00000000e0000000)
  object space 146432K, 99% used [0x00000000a0000000,0x00000000a8ee0a18,0x00000000a8f00000)
 Metaspace       used 74473K, capacity 76868K, committed 77144K, reserved 1116160K
  class space    used 9947K, capacity 10490K, committed 10624K, reserved 1048576K
Event: 64.274 GC heap after
Heap after GC invocations=23 (full 7):
 PSYoungGen      total 231936K, used 87497K [0x00000000e0000000, 0x00000000f2600000, 0x0000000100000000)
  eden space 190976K, 45% used [0x00000000e0000000,0x00000000e5572428,0x00000000eba80000)
  from space 40960K, 0% used [0x00000000efe00000,0x00000000efe00000,0x00000000f2600000)
  to   space 30720K, 0% used [0x00000000eba80000,0x00000000eba80000,0x00000000ed880000)
 ParOldGen       total 146432K, used 146306K [0x00000000a0000000, 0x00000000a8f00000, 0x00000000e0000000)
  object space 146432K, 99% used [0x00000000a0000000,0x00000000a8ee09b0,0x00000000a8f00000)
 Metaspace       used 74473K, capacity 76868K, committed 77144K, reserved 1116160K
  class space    used 9947K, capacity 10490K, committed 10624K, reserved 1048576K
}
Event: 71.630 GC heap before
{Heap before GC invocations=24 (full 8):
 PSYoungGen      total 231936K, used 190976K [0x00000000e0000000, 0x00000000f2600000, 0x0000000100000000)
  eden space 190976K, 100% used [0x00000000e0000000,0x00000000eba80000,0x00000000eba80000)
  from space 40960K, 0% used [0x00000000efe00000,0x00000000efe00000,0x00000000f2600000)
  to   space 30720K, 0% used [0x00000000eba80000,0x00000000eba80000,0x00000000ed880000)
 ParOldGen       total 146432K, used 146306K [0x00000000a0000000, 0x00000000a8f00000, 0x00000000e0000000)
  object space 146432K, 99% used [0x00000000a0000000,0x00000000a8ee09b0,0x00000000a8f00000)
 Metaspace       used 77231K, capacity 79984K, committed 80344K, reserved 1118208K
  class space    used 10288K, capacity 10884K, committed 11008K, reserved 1048576K
Event: 71.777 GC heap after
Heap after GC invocations=24 (full 8):
 PSYoungGen      total 231936K, used 0K [0x00000000e0000000, 0x00000000f2600000, 0x0000000100000000)
  eden space 190976K, 0% used [0x00000000e0000000,0x00000000e0000000,0x00000000eba80000)
  from space 40960K, 0% used [0x00000000efe00000,0x00000000efe00000,0x00000000f2600000)
  to   space 30720K, 0% used [0x00000000eba80000,0x00000000eba80000,0x00000000ed880000)
 ParOldGen       total 146432K, used 69822K [0x00000000a0000000, 0x00000000a8f00000, 0x00000000e0000000)
  object space 146432K, 47% used [0x00000000a0000000,0x00000000a442f918,0x00000000a8f00000)
 Metaspace       used 77202K, capacity 79920K, committed 80344K, reserved 1118208K
  class space    used 10278K, capacity 10866K, committed 11008K, reserved 1048576K
}

