# JRE version: OpenJDK Runtime Environment (8.0_202-b03) (build 1.8.0_202-release-1483-b03)
# Java VM: OpenJDK 64-Bit Server VM (25.202-b03 mixed mode windows-amd64 compressed oops)
Heap:
 PSYoungGen      total 291840K, used 186536K [0x00000000e0000000, 0x00000000f7980000, 0x0000000100000000)
  eden space 243712K, 56% used [0x00000000e0000000,0x00000000e8730b68,0x00000000eee00000)
  from space 48128K, 99% used [0x00000000eee00000,0x00000000f1cf95a0,0x00000000f1d00000)
  to   space 24064K, 0% used [0x00000000f1d00000,0x00000000f1d00000,0x00000000f3480000)
 ParOldGen       total 272896K, used 166661K [0x00000000a0000000, 0x00000000b0a80000, 0x00000000e0000000)
  object space 272896K, 61% used [0x00000000a0000000,0x00000000aa2c1468,0x00000000b0a80000)
 Metaspace       used 74217K, capacity 76878K, committed 77144K, reserved 1116160K
  class space    used 9717K, capacity 10299K, committed 10368K, reserved 1048576K
GC Heap History (10 events):
Event: 53.352 GC heap before
{Heap before GC invocations=17 (full 3):
 PSYoungGen      total 206336K, used 204349K [0x00000000e0000000, 0x00000000f0800000, 0x0000000100000000)
  eden space 187392K, 100% used [0x00000000e0000000,0x00000000eb700000,0x00000000eb700000)
  from space 18944K, 89% used [0x00000000eb700000,0x00000000ec78f6f0,0x00000000ec980000)
  to   space 20992K, 0% used [0x00000000ef380000,0x00000000ef380000,0x00000000f0800000)
 ParOldGen       total 129024K, used 34424K [0x00000000a0000000, 0x00000000a7e00000, 0x00000000e0000000)
  object space 129024K, 26% used [0x00000000a0000000,0x00000000a219e2c0,0x00000000a7e00000)
 Metaspace       used 65414K, capacity 67452K, committed 67672K, reserved 1107968K
  class space    used 8601K, capacity 9070K, committed 9088K, reserved 1048576K
Event: 53.383 GC heap after
Heap after GC invocations=17 (full 3):
 PSYoungGen      total 245248K, used 20980K [0x00000000e0000000, 0x00000000f0e80000, 0x0000000100000000)
  eden space 224256K, 0% used [0x00000000e0000000,0x00000000e0000000,0x00000000edb00000)
  from space 20992K, 99% used [0x00000000ef380000,0x00000000f07fd080,0x00000000f0800000)
  to   space 25088K, 0% used [0x00000000edb00000,0x00000000edb00000,0x00000000ef380000)
 ParOldGen       total 129024K, used 37520K [0x00000000a0000000, 0x00000000a7e00000, 0x00000000e0000000)
  object space 129024K, 29% used [0x00000000a0000000,0x00000000a24a4140,0x00000000a7e00000)
 Metaspace       used 65414K, capacity 67452K, committed 67672K, reserved 1107968K
  class space    used 8601K, capacity 9070K, committed 9088K, reserved 1048576K
}
Event: 58.060 GC heap before
{Heap before GC invocations=18 (full 3):
 PSYoungGen      total 245248K, used 245101K [0x00000000e0000000, 0x00000000f0e80000, 0x0000000100000000)
  eden space 224256K, 99% used [0x00000000e0000000,0x00000000edade478,0x00000000edb00000)
  from space 20992K, 99% used [0x00000000ef380000,0x00000000f07fd080,0x00000000f0800000)
  to   space 25088K, 0% used [0x00000000edb00000,0x00000000edb00000,0x00000000ef380000)
 ParOldGen       total 129024K, used 37520K [0x00000000a0000000, 0x00000000a7e00000, 0x00000000e0000000)
  object space 129024K, 29% used [0x00000000a0000000,0x00000000a24a4140,0x00000000a7e00000)
 Metaspace       used 72788K, capacity 75452K, committed 75608K, reserved 1114112K
  class space    used 9515K, capacity 10074K, committed 10112K, reserved 1048576K
Event: 58.089 GC heap after
Heap after GC invocations=18 (full 3):
 PSYoungGen      total 249344K, used 9270K [0x00000000e0000000, 0x00000000f3480000, 0x0000000100000000)
  eden space 224256K, 0% used [0x00000000e0000000,0x00000000e0000000,0x00000000edb00000)
  from space 25088K, 36% used [0x00000000edb00000,0x00000000ee40dbf0,0x00000000ef380000)
  to   space 24064K, 0% used [0x00000000f1d00000,0x00000000f1d00000,0x00000000f3480000)
 ParOldGen       total 129024K, used 58455K [0x00000000a0000000, 0x00000000a7e00000, 0x00000000e0000000)
  object space 129024K, 45% used [0x00000000a0000000,0x00000000a3915e70,0x00000000a7e00000)
 Metaspace       used 72788K, capacity 75452K, committed 75608K, reserved 1114112K
  class space    used 9515K, capacity 10074K, committed 10112K, reserved 1048576K
}
Event: 59.996 GC heap before
{Heap before GC invocations=19 (full 3):
 PSYoungGen      total 249344K, used 233526K [0x00000000e0000000, 0x00000000f3480000, 0x0000000100000000)
  eden space 224256K, 100% used [0x00000000e0000000,0x00000000edb00000,0x00000000edb00000)
  from space 25088K, 36% used [0x00000000edb00000,0x00000000ee40dbf0,0x00000000ef380000)
  to   space 24064K, 0% used [0x00000000f1d00000,0x00000000f1d00000,0x00000000f3480000)
 ParOldGen       total 129024K, used 58455K [0x00000000a0000000, 0x00000000a7e00000, 0x00000000e0000000)
  object space 129024K, 45% used [0x00000000a0000000,0x00000000a3915e70,0x00000000a7e00000)
 Metaspace       used 74104K, capacity 76910K, committed 77144K, reserved 1116160K
  class space    used 9728K, capacity 10305K, committed 10368K, reserved 1048576K
Event: 60.093 GC heap after
Heap after GC invocations=19 (full 3):
 PSYoungGen      total 267776K, used 24056K [0x00000000e0000000, 0x00000000f7980000, 0x0000000100000000)
  eden space 243712K, 0% used [0x00000000e0000000,0x00000000e0000000,0x00000000eee00000)
  from space 24064K, 99% used [0x00000000f1d00000,0x00000000f347e230,0x00000000f3480000)
  to   space 48128K, 0% used [0x00000000eee00000,0x00000000eee00000,0x00000000f1d00000)
 ParOldGen       total 129024K, used 113456K [0x00000000a0000000, 0x00000000a7e00000, 0x00000000e0000000)
  object space 129024K, 87% used [0x00000000a0000000,0x00000000a6ecc130,0x00000000a7e00000)
 Metaspace       used 74104K, capacity 76910K, committed 77144K, reserved 1116160K
  class space    used 9728K, capacity 10305K, committed 10368K, reserved 1048576K
}
Event: 60.093 GC heap before
{Heap before GC invocations=20 (full 4):
 PSYoungGen      total 267776K, used 24056K [0x00000000e0000000, 0x00000000f7980000, 0x0000000100000000)
  eden space 243712K, 0% used [0x00000000e0000000,0x00000000e0000000,0x00000000eee00000)
  from space 24064K, 99% used [0x00000000f1d00000,0x00000000f347e230,0x00000000f3480000)
  to   space 48128K, 0% used [0x00000000eee00000,0x00000000eee00000,0x00000000f1d00000)
 ParOldGen       total 129024K, used 113456K [0x00000000a0000000, 0x00000000a7e00000, 0x00000000e0000000)
  object space 129024K, 87% used [0x00000000a0000000,0x00000000a6ecc130,0x00000000a7e00000)
 Metaspace       used 74104K, capacity 76910K, committed 77144K, reserved 1116160K
  class space    used 9728K, capacity 10305K, committed 10368K, reserved 1048576K
Event: 60.791 GC heap after
Heap after GC invocations=20 (full 4):
 PSYoungGen      total 267776K, used 1015K [0x00000000e0000000, 0x00000000f7980000, 0x0000000100000000)
  eden space 243712K, 0% used [0x00000000e0000000,0x00000000e0000000,0x00000000eee00000)
  from space 24064K, 4% used [0x00000000f1d00000,0x00000000f1dfdeb0,0x00000000f3480000)
  to   space 48128K, 0% used [0x00000000eee00000,0x00000000eee00000,0x00000000f1d00000)
 ParOldGen       total 272896K, used 128579K [0x00000000a0000000, 0x00000000b0a80000, 0x00000000e0000000)
  object space 272896K, 47% used [0x00000000a0000000,0x00000000a7d90ed8,0x00000000b0a80000)
 Metaspace       used 74037K, capacity 76718K, committed 77144K, reserved 1116160K
  class space    used 9705K, capacity 10267K, committed 10368K, reserved 1048576K
}
Event: 64.431 GC heap before
{Heap before GC invocations=21 (full 4):
 PSYoungGen      total 267776K, used 244715K [0x00000000e0000000, 0x00000000f7980000, 0x0000000100000000)
  eden space 243712K, 99% used [0x00000000e0000000,0x00000000eedfd128,0x00000000eee00000)
  from space 24064K, 4% used [0x00000000f1d00000,0x00000000f1dfdeb0,0x00000000f3480000)
  to   space 48128K, 0% used [0x00000000eee00000,0x00000000eee00000,0x00000000f1d00000)
 ParOldGen       total 272896K, used 128579K [0x00000000a0000000, 0x00000000b0a80000, 0x00000000e0000000)
  object space 272896K, 47% used [0x00000000a0000000,0x00000000a7d90ed8,0x00000000b0a80000)
 Metaspace       used 74180K, capacity 76878K, committed 77144K, reserved 1116160K
  class space    used 9717K, capacity 10299K, committed 10368K, reserved 1048576K
Event: 64.647 GC heap after
Heap after GC invocations=21 (full 4):
 PSYoungGen      total 291840K, used 48101K [0x00000000e0000000, 0x00000000f7980000, 0x0000000100000000)
  eden space 243712K, 0% used [0x00000000e0000000,0x00000000e0000000,0x00000000eee00000)
  from space 48128K, 99% used [0x00000000eee00000,0x00000000f1cf95a0,0x00000000f1d00000)
  to   space 24064K, 0% used [0x00000000f1d00000,0x00000000f1d00000,0x00000000f3480000)
 ParOldGen       total 272896K, used 166661K [0x00000000a0000000, 0x00000000b0a80000, 0x00000000e0000000)
  object space 272896K, 61% used [0x00000000a0000000,0x00000000aa2c1468,0x00000000b0a80000)
 Metaspace       used 74180K, capacity 76878K, committed 77144K, reserved 1116160K
  class space    used 9717K, capacity 10299K, committed 10368K, reserved 1048576K
}

