# JRE version: OpenJDK Runtime Environment (8.0_202-b03) (build 1.8.0_202-release-1483-b03)
# Java VM: OpenJDK 64-Bit Server VM (25.202-b03 mixed mode windows-amd64 compressed oops)
Heap:
 PSYoungGen      total 176128K, used 115384K [0x00000000e0000000, 0x00000000ebd80000, 0x0000000100000000)
  eden space 159744K, 72% used [0x00000000e0000000,0x00000000e70ae3d0,0x00000000e9c00000)
  from space 16384K, 0% used [0x00000000eab80000,0x00000000eab80000,0x00000000ebb80000)
  to   space 15872K, 0% used [0x00000000e9c00000,0x00000000e9c00000,0x00000000eab80000)
 ParOldGen       total 111616K, used 35022K [0x00000000a0000000, 0x00000000a6d00000, 0x00000000e0000000)
  object space 111616K, 31% used [0x00000000a0000000,0x00000000a2233950,0x00000000a6d00000)
 Metaspace       used 60250K, capacity 62132K, committed 62296K, reserved 1103872K
  class space    used 8150K, capacity 8576K, committed 8576K, reserved 1048576K
GC Heap History (10 events):
Event: 5.811 GC heap before
{Heap before GC invocations=13 (full 2):
 PSYoungGen      total 88064K, used 366K [0x00000000e0000000, 0x00000000e8b00000, 0x0000000100000000)
  eden space 77824K, 0% used [0x00000000e0000000,0x00000000e0000000,0x00000000e4c00000)
  from space 10240K, 3% used [0x00000000e4c00000,0x00000000e4c5bbc0,0x00000000e5600000)
  to   space 11264K, 0% used [0x00000000e8000000,0x00000000e8000000,0x00000000e8b00000)
 ParOldGen       total 56320K, used 17044K [0x00000000a0000000, 0x00000000a3700000, 0x00000000e0000000)
  object space 56320K, 30% used [0x00000000a0000000,0x00000000a10a5378,0x00000000a3700000)
 Metaspace       used 34631K, capacity 35412K, committed 35456K, reserved 1079296K
  class space    used 4777K, capacity 4964K, committed 4992K, reserved 1048576K
Event: 5.894 GC heap after
Heap after GC invocations=13 (full 2):
 PSYoungGen      total 88064K, used 0K [0x00000000e0000000, 0x00000000e8b00000, 0x0000000100000000)
  eden space 77824K, 0% used [0x00000000e0000000,0x00000000e0000000,0x00000000e4c00000)
  from space 10240K, 0% used [0x00000000e4c00000,0x00000000e4c00000,0x00000000e5600000)
  to   space 11264K, 0% used [0x00000000e8000000,0x00000000e8000000,0x00000000e8b00000)
 ParOldGen       total 75264K, used 16092K [0x00000000a0000000, 0x00000000a4980000, 0x00000000e0000000)
  object space 75264K, 21% used [0x00000000a0000000,0x00000000a0fb7158,0x00000000a4980000)
 Metaspace       used 34617K, capacity 35364K, committed 35456K, reserved 1079296K
  class space    used 4773K, capacity 4956K, committed 4992K, reserved 1048576K
}
Event: 7.041 GC heap before
{Heap before GC invocations=14 (full 2):
 PSYoungGen      total 88064K, used 77824K [0x00000000e0000000, 0x00000000e8b00000, 0x0000000100000000)
  eden space 77824K, 100% used [0x00000000e0000000,0x00000000e4c00000,0x00000000e4c00000)
  from space 10240K, 0% used [0x00000000e4c00000,0x00000000e4c00000,0x00000000e5600000)
  to   space 11264K, 0% used [0x00000000e8000000,0x00000000e8000000,0x00000000e8b00000)
 ParOldGen       total 75264K, used 16092K [0x00000000a0000000, 0x00000000a4980000, 0x00000000e0000000)
  object space 75264K, 21% used [0x00000000a0000000,0x00000000a0fb7158,0x00000000a4980000)
 Metaspace       used 43410K, capacity 44290K, committed 44544K, reserved 1087488K
  class space    used 5877K, capacity 6127K, committed 6144K, reserved 1048576K
Event: 7.055 GC heap after
Heap after GC invocations=14 (full 2):
 PSYoungGen      total 123392K, used 10712K [0x00000000e0000000, 0x00000000e8a80000, 0x0000000100000000)
  eden space 112640K, 0% used [0x00000000e0000000,0x00000000e0000000,0x00000000e6e00000)
  from space 10752K, 99% used [0x00000000e8000000,0x00000000e8a76290,0x00000000e8a80000)
  to   space 12288K, 0% used [0x00000000e7280000,0x00000000e7280000,0x00000000e7e80000)
 ParOldGen       total 75264K, used 16100K [0x00000000a0000000, 0x00000000a4980000, 0x00000000e0000000)
  object space 75264K, 21% used [0x00000000a0000000,0x00000000a0fb9158,0x00000000a4980000)
 Metaspace       used 43410K, capacity 44290K, committed 44544K, reserved 1087488K
  class space    used 5877K, capacity 6127K, committed 6144K, reserved 1048576K
}
Event: 8.989 GC heap before
{Heap before GC invocations=15 (full 2):
 PSYoungGen      total 123392K, used 123352K [0x00000000e0000000, 0x00000000e8a80000, 0x0000000100000000)
  eden space 112640K, 100% used [0x00000000e0000000,0x00000000e6e00000,0x00000000e6e00000)
  from space 10752K, 99% used [0x00000000e8000000,0x00000000e8a76290,0x00000000e8a80000)
  to   space 12288K, 0% used [0x00000000e7280000,0x00000000e7280000,0x00000000e7e80000)
 ParOldGen       total 75264K, used 16100K [0x00000000a0000000, 0x00000000a4980000, 0x00000000e0000000)
  object space 75264K, 21% used [0x00000000a0000000,0x00000000a0fb9158,0x00000000a4980000)
 Metaspace       used 51702K, capacity 53100K, committed 53248K, reserved 1095680K
  class space    used 7009K, capacity 7395K, committed 7424K, reserved 1048576K
Event: 9.003 GC heap after
Heap after GC invocations=15 (full 2):
 PSYoungGen      total 129536K, used 12268K [0x00000000e0000000, 0x00000000ebb80000, 0x0000000100000000)
  eden space 117248K, 0% used [0x00000000e0000000,0x00000000e0000000,0x00000000e7280000)
  from space 12288K, 99% used [0x00000000e7280000,0x00000000e7e7b320,0x00000000e7e80000)
  to   space 16384K, 0% used [0x00000000eab80000,0x00000000eab80000,0x00000000ebb80000)
 ParOldGen       total 75264K, used 22148K [0x00000000a0000000, 0x00000000a4980000, 0x00000000e0000000)
  object space 75264K, 29% used [0x00000000a0000000,0x00000000a15a1388,0x00000000a4980000)
 Metaspace       used 51702K, capacity 53100K, committed 53248K, reserved 1095680K
  class space    used 7009K, capacity 7395K, committed 7424K, reserved 1048576K
}
Event: 11.521 GC heap before
{Heap before GC invocations=16 (full 2):
 PSYoungGen      total 129536K, used 109640K [0x00000000e0000000, 0x00000000ebb80000, 0x0000000100000000)
  eden space 117248K, 83% used [0x00000000e0000000,0x00000000e5f17020,0x00000000e7280000)
  from space 12288K, 99% used [0x00000000e7280000,0x00000000e7e7b320,0x00000000e7e80000)
  to   space 16384K, 0% used [0x00000000eab80000,0x00000000eab80000,0x00000000ebb80000)
 ParOldGen       total 75264K, used 22148K [0x00000000a0000000, 0x00000000a4980000, 0x00000000e0000000)
  object space 75264K, 29% used [0x00000000a0000000,0x00000000a15a1388,0x00000000a4980000)
 Metaspace       used 57490K, capacity 59074K, committed 59096K, reserved 1099776K
  class space    used 7789K, capacity 8185K, committed 8192K, reserved 1048576K
Event: 11.544 GC heap after
Heap after GC invocations=16 (full 2):
 PSYoungGen      total 176128K, used 8922K [0x00000000e0000000, 0x00000000ebd80000, 0x0000000100000000)
  eden space 159744K, 0% used [0x00000000e0000000,0x00000000e0000000,0x00000000e9c00000)
  from space 16384K, 54% used [0x00000000eab80000,0x00000000eb436908,0x00000000ebb80000)
  to   space 15872K, 0% used [0x00000000e9c00000,0x00000000e9c00000,0x00000000eab80000)
 ParOldGen       total 75264K, used 28119K [0x00000000a0000000, 0x00000000a4980000, 0x00000000e0000000)
  object space 75264K, 37% used [0x00000000a0000000,0x00000000a1b75c18,0x00000000a4980000)
 Metaspace       used 57490K, capacity 59074K, committed 59096K, reserved 1099776K
  class space    used 7789K, capacity 8185K, committed 8192K, reserved 1048576K
}
Event: 11.544 GC heap before
{Heap before GC invocations=17 (full 3):
 PSYoungGen      total 176128K, used 8922K [0x00000000e0000000, 0x00000000ebd80000, 0x0000000100000000)
  eden space 159744K, 0% used [0x00000000e0000000,0x00000000e0000000,0x00000000e9c00000)
  from space 16384K, 54% used [0x00000000eab80000,0x00000000eb436908,0x00000000ebb80000)
  to   space 15872K, 0% used [0x00000000e9c00000,0x00000000e9c00000,0x00000000eab80000)
 ParOldGen       total 75264K, used 28119K [0x00000000a0000000, 0x00000000a4980000, 0x00000000e0000000)
  object space 75264K, 37% used [0x00000000a0000000,0x00000000a1b75c18,0x00000000a4980000)
 Metaspace       used 57490K, capacity 59074K, committed 59096K, reserved 1099776K
  class space    used 7789K, capacity 8185K, committed 8192K, reserved 1048576K
Event: 11.879 GC heap after
Heap after GC invocations=17 (full 3):
 PSYoungGen      total 176128K, used 0K [0x00000000e0000000, 0x00000000ebd80000, 0x0000000100000000)
  eden space 159744K, 0% used [0x00000000e0000000,0x00000000e0000000,0x00000000e9c00000)
  from space 16384K, 0% used [0x00000000eab80000,0x00000000eab80000,0x00000000ebb80000)
  to   space 15872K, 0% used [0x00000000e9c00000,0x00000000e9c00000,0x00000000eab80000)
 ParOldGen       total 111616K, used 35022K [0x00000000a0000000, 0x00000000a6d00000, 0x00000000e0000000)
  object space 111616K, 31% used [0x00000000a0000000,0x00000000a2233950,0x00000000a6d00000)
 Metaspace       used 57490K, capacity 59074K, committed 59096K, reserved 1099776K
  class space    used 7789K, capacity 8185K, committed 8192K, reserved 1048576K
}

