# JRE version: OpenJDK Runtime Environment (8.0_202-b03) (build 1.8.0_202-release-1483-b03)
# Java VM: OpenJDK 64-Bit Server VM (25.202-b03 mixed mode windows-amd64 compressed oops)
Heap:
 PSYoungGen      total 372736K, used 184892K [0x00000000e0000000, 0x00000000f8e00000, 0x0000000100000000)
  eden space 354304K, 47% used [0x00000000e0000000,0x00000000ea4ed818,0x00000000f5a00000)
  from space 18432K, 86% used [0x00000000f7c00000,0x00000000f8ba1a10,0x00000000f8e00000)
  to   space 26624K, 0% used [0x00000000f5a00000,0x00000000f5a00000,0x00000000f7400000)
 ParOldGen       total 125952K, used 52682K [0x00000000a0000000, 0x00000000a7b00000, 0x00000000e0000000)
  object space 125952K, 41% used [0x00000000a0000000,0x00000000a3372818,0x00000000a7b00000)
 Metaspace       used 82377K, capacity 85148K, committed 85208K, reserved 1124352K
  class space    used 10621K, capacity 11244K, committed 11264K, reserved 1048576K
GC Heap History (10 events):
Event: 32.325 GC heap before
{Heap before GC invocations=13 (full 2):
 PSYoungGen      total 189440K, used 23347K [0x00000000e0000000, 0x00000000ed680000, 0x0000000100000000)
  eden space 172032K, 3% used [0x00000000e0000000,0x00000000e05d2ad0,0x00000000ea800000)
  from space 17408K, 99% used [0x00000000ebd80000,0x00000000ece7a418,0x00000000ece80000)
  to   space 22016K, 0% used [0x00000000ea800000,0x00000000ea800000,0x00000000ebd80000)
 ParOldGen       total 99840K, used 27625K [0x00000000a0000000, 0x00000000a6180000, 0x00000000e0000000)
  object space 99840K, 27% used [0x00000000a0000000,0x00000000a1afa430,0x00000000a6180000)
 Metaspace       used 57344K, capacity 58970K, committed 59028K, reserved 1099776K
  class space    used 7779K, capacity 8183K, committed 8192K, reserved 1048576K
Event: 32.345 GC heap after
Heap after GC invocations=13 (full 2):
 PSYoungGen      total 194048K, used 16837K [0x00000000e0000000, 0x00000000f2900000, 0x0000000100000000)
  eden space 172032K, 0% used [0x00000000e0000000,0x00000000e0000000,0x00000000ea800000)
  from space 22016K, 76% used [0x00000000ea800000,0x00000000eb8717c0,0x00000000ebd80000)
  to   space 23040K, 0% used [0x00000000f1280000,0x00000000f1280000,0x00000000f2900000)
 ParOldGen       total 99840K, used 27633K [0x00000000a0000000, 0x00000000a6180000, 0x00000000e0000000)
  object space 99840K, 27% used [0x00000000a0000000,0x00000000a1afc430,0x00000000a6180000)
 Metaspace       used 57344K, capacity 58970K, committed 59028K, reserved 1099776K
  class space    used 7779K, capacity 8183K, committed 8192K, reserved 1048576K
}
Event: 32.345 GC heap before
{Heap before GC invocations=14 (full 3):
 PSYoungGen      total 194048K, used 16837K [0x00000000e0000000, 0x00000000f2900000, 0x0000000100000000)
  eden space 172032K, 0% used [0x00000000e0000000,0x00000000e0000000,0x00000000ea800000)
  from space 22016K, 76% used [0x00000000ea800000,0x00000000eb8717c0,0x00000000ebd80000)
  to   space 23040K, 0% used [0x00000000f1280000,0x00000000f1280000,0x00000000f2900000)
 ParOldGen       total 99840K, used 27633K [0x00000000a0000000, 0x00000000a6180000, 0x00000000e0000000)
  object space 99840K, 27% used [0x00000000a0000000,0x00000000a1afc430,0x00000000a6180000)
 Metaspace       used 57344K, capacity 58970K, committed 59028K, reserved 1099776K
  class space    used 7779K, capacity 8183K, committed 8192K, reserved 1048576K
Event: 32.588 GC heap after
Heap after GC invocations=14 (full 3):
 PSYoungGen      total 194048K, used 0K [0x00000000e0000000, 0x00000000f2900000, 0x0000000100000000)
  eden space 172032K, 0% used [0x00000000e0000000,0x00000000e0000000,0x00000000ea800000)
  from space 22016K, 0% used [0x00000000ea800000,0x00000000ea800000,0x00000000ebd80000)
  to   space 23040K, 0% used [0x00000000f1280000,0x00000000f1280000,0x00000000f2900000)
 ParOldGen       total 125952K, used 32249K [0x00000000a0000000, 0x00000000a7b00000, 0x00000000e0000000)
  object space 125952K, 25% used [0x00000000a0000000,0x00000000a1f7e618,0x00000000a7b00000)
 Metaspace       used 57327K, capacity 58928K, committed 59028K, reserved 1099776K
  class space    used 7774K, capacity 8174K, committed 8192K, reserved 1048576K
}
Event: 88.067 GC heap before
{Heap before GC invocations=15 (full 3):
 PSYoungGen      total 194048K, used 172032K [0x00000000e0000000, 0x00000000f2900000, 0x0000000100000000)
  eden space 172032K, 100% used [0x00000000e0000000,0x00000000ea800000,0x00000000ea800000)
  from space 22016K, 0% used [0x00000000ea800000,0x00000000ea800000,0x00000000ebd80000)
  to   space 23040K, 0% used [0x00000000f1280000,0x00000000f1280000,0x00000000f2900000)
 ParOldGen       total 125952K, used 32249K [0x00000000a0000000, 0x00000000a7b00000, 0x00000000e0000000)
  object space 125952K, 25% used [0x00000000a0000000,0x00000000a1f7e618,0x00000000a7b00000)
 Metaspace       used 63970K, capacity 66050K, committed 66264K, reserved 1105920K
  class space    used 8423K, capacity 8869K, committed 8960K, reserved 1048576K
Event: 88.099 GC heap after
Heap after GC invocations=15 (full 3):
 PSYoungGen      total 271872K, used 16672K [0x00000000e0000000, 0x00000000f2580000, 0x0000000100000000)
  eden space 252416K, 0% used [0x00000000e0000000,0x00000000e0000000,0x00000000ef680000)
  from space 19456K, 85% used [0x00000000f1280000,0x00000000f22c8390,0x00000000f2580000)
  to   space 24064K, 0% used [0x00000000ef680000,0x00000000ef680000,0x00000000f0e00000)
 ParOldGen       total 125952K, used 32257K [0x00000000a0000000, 0x00000000a7b00000, 0x00000000e0000000)
  object space 125952K, 25% used [0x00000000a0000000,0x00000000a1f80618,0x00000000a7b00000)
 Metaspace       used 63970K, capacity 66050K, committed 66264K, reserved 1105920K
  class space    used 8423K, capacity 8869K, committed 8960K, reserved 1048576K
}
Event: 117.548 GC heap before
{Heap before GC invocations=16 (full 3):
 PSYoungGen      total 271872K, used 269088K [0x00000000e0000000, 0x00000000f2580000, 0x0000000100000000)
  eden space 252416K, 100% used [0x00000000e0000000,0x00000000ef680000,0x00000000ef680000)
  from space 19456K, 85% used [0x00000000f1280000,0x00000000f22c8390,0x00000000f2580000)
  to   space 24064K, 0% used [0x00000000ef680000,0x00000000ef680000,0x00000000f0e00000)
 ParOldGen       total 125952K, used 32257K [0x00000000a0000000, 0x00000000a7b00000, 0x00000000e0000000)
  object space 125952K, 25% used [0x00000000a0000000,0x00000000a1f80618,0x00000000a7b00000)
 Metaspace       used 67186K, capacity 69376K, committed 69464K, reserved 1110016K
  class space    used 8782K, capacity 9262K, committed 9344K, reserved 1048576K
Event: 117.576 GC heap after
Heap after GC invocations=16 (full 3):
 PSYoungGen      total 276480K, used 22587K [0x00000000e0000000, 0x00000000f9600000, 0x0000000100000000)
  eden space 252416K, 0% used [0x00000000e0000000,0x00000000e0000000,0x00000000ef680000)
  from space 24064K, 93% used [0x00000000ef680000,0x00000000f0c8ec58,0x00000000f0e00000)
  to   space 26624K, 0% used [0x00000000f7c00000,0x00000000f7c00000,0x00000000f9600000)
 ParOldGen       total 125952K, used 32265K [0x00000000a0000000, 0x00000000a7b00000, 0x00000000e0000000)
  object space 125952K, 25% used [0x00000000a0000000,0x00000000a1f82618,0x00000000a7b00000)
 Metaspace       used 67186K, capacity 69376K, committed 69464K, reserved 1110016K
  class space    used 8782K, capacity 9262K, committed 9344K, reserved 1048576K
}
Event: 127.217 GC heap before
{Heap before GC invocations=17 (full 3):
 PSYoungGen      total 276480K, used 275003K [0x00000000e0000000, 0x00000000f9600000, 0x0000000100000000)
  eden space 252416K, 100% used [0x00000000e0000000,0x00000000ef680000,0x00000000ef680000)
  from space 24064K, 93% used [0x00000000ef680000,0x00000000f0c8ec58,0x00000000f0e00000)
  to   space 26624K, 0% used [0x00000000f7c00000,0x00000000f7c00000,0x00000000f9600000)
 ParOldGen       total 125952K, used 32265K [0x00000000a0000000, 0x00000000a7b00000, 0x00000000e0000000)
  object space 125952K, 25% used [0x00000000a0000000,0x00000000a1f82618,0x00000000a7b00000)
 Metaspace       used 74389K, capacity 76596K, committed 76888K, reserved 1116160K
  class space    used 9529K, capacity 10074K, committed 10112K, reserved 1048576K
Event: 127.250 GC heap after
Heap after GC invocations=17 (full 3):
 PSYoungGen      total 372736K, used 16006K [0x00000000e0000000, 0x00000000f8e00000, 0x0000000100000000)
  eden space 354304K, 0% used [0x00000000e0000000,0x00000000e0000000,0x00000000f5a00000)
  from space 18432K, 86% used [0x00000000f7c00000,0x00000000f8ba1a10,0x00000000f8e00000)
  to   space 26624K, 0% used [0x00000000f5a00000,0x00000000f5a00000,0x00000000f7400000)
 ParOldGen       total 125952K, used 52682K [0x00000000a0000000, 0x00000000a7b00000, 0x00000000e0000000)
  object space 125952K, 41% used [0x00000000a0000000,0x00000000a3372818,0x00000000a7b00000)
 Metaspace       used 74389K, capacity 76596K, committed 76888K, reserved 1116160K
  class space    used 9529K, capacity 10074K, committed 10112K, reserved 1048576K
}

